#
# There is insufficient memory for the Java Runtime Environment to continue.
# Native memory allocation (mmap) failed to map 257949696 bytes for G1 virtual space
# Possible reasons:
#   The system is out of physical RAM or swap space
#   The process is running with CompressedOops enabled, and the Java Heap may be blocking the growth of the native heap
# Possible solutions:
#   Reduce memory load on the system
#   Increase physical memory or swap space
#   Check if swap backing store is full
#   Decrease Java heap size (-Xmx/-Xms)
#   Decrease number of Java threads
#   Decrease Java thread stack sizes (-Xss)
#   Set larger code cache with -XX:ReservedCodeCacheSize=
#   JVM is running with Zero Based Compressed Oops mode in which the Java heap is
#     placed in the first 32GB address space. The Java Heap base address is the
#     maximum limit for the native heap growth. Please use -XX:HeapBaseMinAddress
#     to set the Java Heap base and to place the Java Heap above 32GB virtual address.
# This output file may be truncated or incomplete.
#
#  Out of Memory Error (os_windows.cpp:3535), pid=10148, tid=21508
#
# JRE version:  (17.0.4+11) (build )
# Java VM: Java HotSpot(TM) 64-Bit Server VM (17.0.4+11-LTS-179, mixed mode, emulated-client, sharing, tiered, compressed oops, compressed class ptrs, g1 gc, windows-amd64)
# No core dump will be written. Minidumps are not enabled by default on client versions of Windows
#

---------------  S U M M A R Y ------------

Command Line: -XX:TieredStopAtLevel=1 -Dspring.output.ansi.enabled=always -Dcom.sun.management.jmxremote -Dspring.jmx.enabled=true -Dspring.liveBeansView.mbeanDomain -Dspring.application.admin.enabled=true -Dmanagement.endpoints.jmx.exposure.include=* -javaagent:D:\IntelliJ IDEA 2024.1.2\lib\idea_rt.jar=54911:D:\IntelliJ IDEA 2024.1.2\bin -Dfile.encoding=UTF-8 suai.vladislav.backserviceskotlin.BackServicesKotlinApplicationKt

Host: AMD Ryzen 5 4600H with Radeon Graphics         , 12 cores, 15G,  Windows 11 , 64 bit Build 22000 (10.0.22000.2538)
Time: Fri Oct 17 15:29:10 2025 RTZ 2 (s 11 , 64 bit Build 22000 (10.0.22000.2538) elapsed time: 0.019354 seconds (0d 0h 0m 0s)

---------------  T H R E A D  ---------------

Current thread (0x000001f7f89cdf60):  JavaThread "Unknown thread" [_thread_in_vm, id=21508, stack(0x000000d98ed00000,0x000000d98ee00000)]

Stack: [0x000000d98ed00000,0x000000d98ee00000]
Native frames: (J=compiled Java code, j=interpreted, Vv=VM code, C=native code)
V  [jvm.dll+0x6723da]
V  [jvm.dll+0x7d1f74]
V  [jvm.dll+0x7d371e]
V  [jvm.dll+0x7d3d83]
V  [jvm.dll+0x242ed5]
V  [jvm.dll+0x66f2f9]
V  [jvm.dll+0x663c42]
V  [jvm.dll+0x30103b]
V  [jvm.dll+0x3085d6]
V  [jvm.dll+0x35844e]
V  [jvm.dll+0x35867f]
V  [jvm.dll+0x2d8258]
V  [jvm.dll+0x2d91c4]
V  [jvm.dll+0x7a3a51]
V  [jvm.dll+0x3662a1]
V  [jvm.dll+0x782dcc]
V  [jvm.dll+0x3e8bff]
V  [jvm.dll+0x3ea6a1]
C  [jli.dll+0x527b]
C  [ucrtbase.dll+0x26c0c]
C  [KERNEL32.DLL+0x153e0]
C  [ntdll.dll+0x485b]


---------------  P R O C E S S  ---------------

Threads class SMR info:
_java_thread_list=0x00007ffacc9ba858, length=0, elements={
}

Java Threads: ( => current thread )

Other Threads:
  0x000001f7f8a366b0 GCTaskThread "GC Thread#0" [stack: 0x000000d98ee00000,0x000000d98ef00000] [id=25096]
  0x000001f7f8a4a320 ConcurrentGCThread "G1 Main Marker" [stack: 0x000000d98ef00000,0x000000d98f000000] [id=5720]
  0x000001f7f8a4ac30 ConcurrentGCThread "G1 Conc#0" [stack: 0x000000d98f000000,0x000000d98f100000] [id=10884]

[error occurred during error reporting (printing all threads), id 0xc0000005, EXCEPTION_ACCESS_VIOLATION (0xc0000005) at pc=0x00007ffacc208c47]

VM state: not at safepoint (not fully initialized)

VM Mutex/Monitor currently owned by a thread:  ([mutex/lock_event])
[0x000001f7f89c9760] Heap_lock - owner thread: 0x000001f7f89cdf60

Heap address: 0x000000070a000000, size: 3936 MB, Compressed Oops mode: Zero based, Oop shift amount: 3

CDS archive(s) mapped at: [0x0000000000000000-0x0000000000000000-0x0000000000000000), size 0, SharedBaseAddress: 0x0000000800000000, ArchiveRelocationMode: 0.
Narrow klass base: 0x0000000000000000, Narrow klass shift: 0, Narrow klass range: 0x0

GC Precious Log:
<Empty>

Heap:
 garbage-first heap   total 0K, used 0K [0x000000070a000000, 0x0000000800000000)
  region size 2048K, 0 young (0K), 0 survivors (0K)

[error occurred during error reporting (printing heap information), id 0xc0000005, EXCEPTION_ACCESS_VIOLATION (0xc0000005) at pc=0x00007ffacc5eb889]

GC Heap History (0 events):
No events

Deoptimization events (0 events):
No events

Classes unloaded (0 events):
No events

Classes redefined (0 events):
No events

Internal exceptions (0 events):
No events

VM Operations (0 events):
No events

Events (1 events):
Event: 0.013 Loaded shared library D:\java 17 jdk for minecraft\bin\java.dll


Dynamic libraries:
0x00007ff6ab5e0000 - 0x00007ff6ab5f0000 	D:\java 17 jdk for minecraft\bin\java.exe
0x00007ffb41020000 - 0x00007ffb41229000 	C:\WINDOWS\SYSTEM32\ntdll.dll
0x00007ffb40110000 - 0x00007ffb401cd000 	C:\WINDOWS\System32\KERNEL32.DLL
0x00007ffb3e8b0000 - 0x00007ffb3ec34000 	C:\WINDOWS\System32\KERNELBASE.dll
0x00007ffb3e790000 - 0x00007ffb3e8a1000 	C:\WINDOWS\System32\ucrtbase.dll
0x00007ffb18920000 - 0x00007ffb18938000 	D:\java 17 jdk for minecraft\bin\jli.dll
0x00007ffb3ffe0000 - 0x00007ffb4008e000 	C:\WINDOWS\System32\ADVAPI32.dll
0x00007ffb401e0000 - 0x00007ffb40283000 	C:\WINDOWS\System32\msvcrt.dll
0x00007ffb18ba0000 - 0x00007ffb18bba000 	D:\java 17 jdk for minecraft\bin\VCRUNTIME140.dll
0x00007ffb3f890000 - 0x00007ffb3f92e000 	C:\WINDOWS\System32\sechost.dll
0x00007ffb3fd50000 - 0x00007ffb3fe71000 	C:\WINDOWS\System32\RPCRT4.dll
0x00007ffb3f9d0000 - 0x00007ffb3fb7d000 	C:\WINDOWS\System32\USER32.dll
0x00007ffb3e570000 - 0x00007ffb3e596000 	C:\WINDOWS\System32\win32u.dll
0x00007ffb3f7b0000 - 0x00007ffb3f7da000 	C:\WINDOWS\System32\GDI32.dll
0x00007ffb3ec40000 - 0x00007ffb3ed5e000 	C:\WINDOWS\System32\gdi32full.dll
0x00007ffb3ed60000 - 0x00007ffb3edfd000 	C:\WINDOWS\System32\msvcp_win.dll
0x00007ffb2d470000 - 0x00007ffb2d715000 	C:\WINDOWS\WinSxS\amd64_microsoft.windows.common-controls_6595b64144ccf1df_6.0.22000.120_none_9d947278b86cc467\COMCTL32.dll
0x00007ffb362a0000 - 0x00007ffb362aa000 	C:\WINDOWS\SYSTEM32\VERSION.dll
0x00007ffb40b80000 - 0x00007ffb40bb1000 	C:\WINDOWS\System32\IMM32.DLL
0x00007ffb28f20000 - 0x00007ffb28f2c000 	D:\java 17 jdk for minecraft\bin\vcruntime140_1.dll
0x00007ffafac70000 - 0x00007ffafacfd000 	D:\java 17 jdk for minecraft\bin\msvcp140.dll
0x00007ffacbf20000 - 0x00007ffaccae2000 	D:\java 17 jdk for minecraft\bin\server\jvm.dll
0x00007ffb3fe80000 - 0x00007ffb3fe88000 	C:\WINDOWS\System32\PSAPI.DLL
0x00007ffb38390000 - 0x00007ffb383c3000 	C:\WINDOWS\SYSTEM32\WINMM.dll
0x00007ffb276b0000 - 0x00007ffb276b9000 	C:\WINDOWS\SYSTEM32\WSOCK32.dll
0x00007ffb3ff70000 - 0x00007ffb3ffdf000 	C:\WINDOWS\System32\WS2_32.dll
0x00007ffb3d4e0000 - 0x00007ffb3d4f8000 	C:\WINDOWS\SYSTEM32\kernel.appcore.dll
0x00007ffb27700000 - 0x00007ffb2770a000 	D:\java 17 jdk for minecraft\bin\jimage.dll
0x00007ffb3b500000 - 0x00007ffb3b721000 	C:\WINDOWS\SYSTEM32\DBGHELP.DLL
0x00007ffb274e0000 - 0x00007ffb27511000 	C:\WINDOWS\SYSTEM32\dbgcore.DLL
0x00007ffb3e5a0000 - 0x00007ffb3e61f000 	C:\WINDOWS\System32\bcryptPrimitives.dll
0x00007ffb39940000 - 0x00007ffb3994e000 	D:\java 17 jdk for minecraft\bin\instrument.dll
0x00007ffb123b0000 - 0x00007ffb123d5000 	D:\java 17 jdk for minecraft\bin\java.dll

dbghelp: loaded successfully - version: 4.0.5 - missing functions: none
symbol engine: initialized successfully - sym options: 0x614 - pdb path: .;D:\java 17 jdk for minecraft\bin;C:\WINDOWS\SYSTEM32;C:\WINDOWS\WinSxS\amd64_microsoft.windows.common-controls_6595b64144ccf1df_6.0.22000.120_none_9d947278b86cc467;D:\java 17 jdk for minecraft\bin\server

VM Arguments:
jvm_args: -XX:TieredStopAtLevel=1 -Dspring.output.ansi.enabled=always -Dcom.sun.management.jmxremote -Dspring.jmx.enabled=true -Dspring.liveBeansView.mbeanDomain -Dspring.application.admin.enabled=true -Dmanagement.endpoints.jmx.exposure.include=* -javaagent:D:\IntelliJ IDEA 2024.1.2\lib\idea_rt.jar=54911:D:\IntelliJ IDEA 2024.1.2\bin -Dfile.encoding=UTF-8 
java_command: suai.vladislav.backserviceskotlin.BackServicesKotlinApplicationKt
java_class_path (initial): D:\Code\back-services-kotlin\target\classes;C:\Users\vlads\.m2\repository\org\springframework\boot\spring-boot-starter-data-jpa\3.5.6\spring-boot-starter-data-jpa-3.5.6.jar;C:\Users\vlads\.m2\repository\org\springframework\boot\spring-boot-starter\3.5.6\spring-boot-starter-3.5.6.jar;C:\Users\vlads\.m2\repository\org\springframework\boot\spring-boot\3.5.6\spring-boot-3.5.6.jar;C:\Users\vlads\.m2\repository\org\springframework\boot\spring-boot-autoconfigure\3.5.6\spring-boot-autoconfigure-3.5.6.jar;C:\Users\vlads\.m2\repository\org\springframework\boot\spring-boot-starter-logging\3.5.6\spring-boot-starter-logging-3.5.6.jar;C:\Users\vlads\.m2\repository\ch\qos\logback\logback-classic\1.5.18\logback-classic-1.5.18.jar;C:\Users\vlads\.m2\repository\ch\qos\logback\logback-core\1.5.18\logback-core-1.5.18.jar;C:\Users\vlads\.m2\repository\org\apache\logging\log4j\log4j-to-slf4j\2.24.3\log4j-to-slf4j-2.24.3.jar;C:\Users\vlads\.m2\repository\org\apache\logging\log4j\log4j-api\2.24.3\log4j-api-2.24.3.jar;C:\Users\vlads\.m2\repository\org\slf4j\jul-to-slf4j\2.0.17\jul-to-slf4j-2.0.17.jar;C:\Users\vlads\.m2\repository\jakarta\annotation\jakarta.annotation-api\2.1.1\jakarta.annotation-api-2.1.1.jar;C:\Users\vlads\.m2\repository\org\yaml\snakeyaml\2.4\snakeyaml-2.4.jar;C:\Users\vlads\.m2\repository\org\springframework\boot\spring-boot-starter-jdbc\3.5.6\spring-boot-starter-jdbc-3.5.6.jar;C:\Users\vlads\.m2\repository\com\zaxxer\HikariCP\6.3.3\HikariCP-6.3.3.jar;C:\Users\vlads\.m2\repository\org\springframework\spring-jdbc\6.2.11\spring-jdbc-6.2.11.jar;C:\Users\vlads\.m2\repository\org\hibernate\orm\hibernate-core\6.6.29.Final\hibernate-core-6.6.29.Final.jar;C:\Users\vlads\.m2\repository\jakarta\persistence\jakarta.persistence-api\3.1.0\jakarta.persistence-api-3.1.0.jar;C:\Users\vlads\.m2\repository\jakarta\transaction\jakarta.transaction-api\2.0.1\jakarta.transaction-api-2.0.1.jar;C:\Users\vlads\.m2\repository\org\hibernate\common\hibernate-commons-ann
Launcher Type: SUN_STANDARD

[Global flags]
     intx CICompilerCount                          = 4                                         {product} {ergonomic}
     uint ConcGCThreads                            = 3                                         {product} {ergonomic}
     uint G1ConcRefinementThreads                  = 10                                        {product} {ergonomic}
   size_t G1HeapRegionSize                         = 2097152                                   {product} {ergonomic}
    uintx GCDrainStackTargetSize                   = 64                                        {product} {ergonomic}
   size_t InitialHeapSize                          = 257949696                                 {product} {ergonomic}
     bool ManagementServer                         = true                                      {product} {command line}
   size_t MarkStackSize                            = 4194304                                   {product} {ergonomic}
   size_t MaxHeapSize                              = 4127195136                                {product} {ergonomic}
   size_t MinHeapDeltaBytes                        = 2097152                                   {product} {ergonomic}
   size_t MinHeapSize                              = 8388608                                   {product} {ergonomic}
    uintx NonProfiledCodeHeapSize                  = 0                                      {pd product} {ergonomic}
     bool ProfileInterpreter                       = false                                  {pd product} {command line}
    uintx ProfiledCodeHeapSize                     = 0                                      {pd product} {ergonomic}
   size_t SoftMaxHeapSize                          = 4127195136                             {manageable} {ergonomic}
     intx TieredStopAtLevel                        = 1                                         {product} {command line}
     bool UseCompressedClassPointers               = true                           {product lp64_product} {ergonomic}
     bool UseCompressedOops                        = true                           {product lp64_product} {ergonomic}
     bool UseG1GC                                  = true                                      {product} {ergonomic}
     bool UseLargePagesIndividualAllocation        = false                                  {pd product} {ergonomic}

Logging:
Log output configuration:
 #0: stdout all=warning uptime,level,tags
 #1: stderr all=off uptime,level,tags

Environment Variables:
JAVA_HOME=C:\Users\vlads\.jdks\openjdk-18.0.1.1
PATH=C:\Windows\System32\WindowsPowerShell\v1.0;C:\Program Files (x86)\Windows Kits\10\Windows Performance Toolkit\;C:\Program Files\mingw-w64\x86_64-8.1.0-posix-seh-rt_v6-rev0\mingw64\bin;C:\Program Files\WireGuard\;D:\Git\bin\git.exe;D:\Git\cmd;C:\Users\vlads\yandex-cloud\bin;D:\Git\git-bash.exe;D:\Mongosh\;D:\IntelliJ IDEA 2024.1.2\bin;;D:\ModelSim\modelsim_ase\win32aloem;C:\Program Files (x86)\Graphviz2.38\bin;C:\Windows\System32;C:\WINDOWS\System32\Wbem;C:\WINDOWS\System32;SystemRoot%;C:\Windows\System32\WindowsPowerShell\v1.0\;C:\Users\vlads\.dotnet\tools;C:\Program Files\Docker\cli-plugins;C:\ProgramData\DockerDesktop;D:\Docker\Docker\resources\bin;C:\Users\vlads\.jdks\openjdk-18.0.1.1\bin;
USERNAME=vlads
OS=Windows_NT
PROCESSOR_IDENTIFIER=AMD64 Family 23 Model 96 Stepping 1, AuthenticAMD



---------------  S Y S T E M  ---------------

OS:
 Windows 11 , 64 bit Build 22000 (10.0.22000.2538)
OS uptime: 14 days 20:45 hours
Hyper-V role detected

CPU: total 12 (initial active 12) (12 cores per cpu, 2 threads per core) family 23 model 96 stepping 1 microcode 0x0, cx8, cmov, fxsr, ht, mmx, 3dnowpref, sse, sse2, sse3, ssse3, sse4a, sse4.1, sse4.2, popcnt, lzcnt, tsc, tscinvbit, avx, avx2, aes, clmul, bmi1, bmi2, adx, sha, fma, vzeroupper, clflush, clflushopt, hv

Memory: 4k page, system-wide physical 15741M (544M free)
TotalPageFile size 23341M (AvailPageFile size 203M)
current process WorkingSet (physical memory assigned to process): 10M, peak: 10M
current process commit charge ("private bytes"): 59M, peak: 305M

vm_info: Java HotSpot(TM) 64-Bit Server VM (17.0.4+11-LTS-179) for windows-amd64 JRE (17.0.4+11-LTS-179), built on Jun 28 2022 08:23:05 by "mach5one" with MS VC++ 16.8 / 16.9 (VS2019)

END.
